[debug] [2019-05-20T14:08:09.370Z] ----------------------------------------------------------------------
[debug] [2019-05-20T14:08:09.372Z] Command:       C:\Program Files\nodejs\node.exe C:\Users\Sean\AppData\Roaming\npm\node_modules\firebase-tools\lib\bin\firebase.js serve --only functions,hosting
[debug] [2019-05-20T14:08:09.372Z] CLI Version:   6.10.0
[debug] [2019-05-20T14:08:09.372Z] Platform:      win32
[debug] [2019-05-20T14:08:09.372Z] Node Version:  v10.15.0
[debug] [2019-05-20T14:08:09.374Z] Time:          Mon May 20 2019 15:08:09 GMT+0100 (British Summer Time)
[debug] [2019-05-20T14:08:09.374Z] ----------------------------------------------------------------------
[debug] 
[debug] [2019-05-20T14:08:09.382Z] > command requires scopes: ["email","openid","https://www.googleapis.com/auth/cloudplatformprojects.readonly","https://www.googleapis.com/auth/firebase","https://www.googleapis.com/auth/cloud-platform"]
[debug] [2019-05-20T14:08:09.382Z] > authorizing via signed-in user
[debug] [2019-05-20T14:08:09.382Z] [iam] checking project labseu1-db-test for permissions ["firebase.projects.get"]
[debug] [2019-05-20T14:08:09.384Z] > refreshing access token with scopes: ["email","https://www.googleapis.com/auth/cloud-platform","https://www.googleapis.com/auth/cloudplatformprojects.readonly","https://www.googleapis.com/auth/firebase","openid"]
[debug] [2019-05-20T14:08:09.384Z] >>> HTTP REQUEST POST https://www.googleapis.com/oauth2/v3/token  
 <request body omitted>
[debug] [2019-05-20T14:08:09.584Z] <<< HTTP RESPONSE 200
[debug] [2019-05-20T14:08:09.600Z] >>> HTTP REQUEST POST https://cloudresourcemanager.googleapis.com/v1/projects/labseu1-db-test:testIamPermissions  

[debug] [2019-05-20T14:08:10.392Z] <<< HTTP RESPONSE 200
[debug] [2019-05-20T14:08:10.393Z] >>> HTTP REQUEST GET https://cloudresourcemanager.googleapis.com/v1/projects/labseu1-db-test  
 
[debug] [2019-05-20T14:08:11.112Z] <<< HTTP RESPONSE 200
[warn] !  Your requested "node" version "8" doesn't match your global version "10"
[debug] [2019-05-20T14:08:11.118Z] >>> HTTP REQUEST GET https://mobilesdk-pa.googleapis.com/v1/projects/280261803917/clients/_:getWebAppConfig  
 
[debug] [2019-05-20T14:08:11.118Z] >>> HTTP REQUEST GET https://mobilesdk-pa.googleapis.com/v1/projects/280261803917:getServerAppConfig  
 
[debug] [2019-05-20T14:08:11.344Z] <<< HTTP RESPONSE 200
[info] +  functions: Emulator started at http://localhost:5001
[debug] [2019-05-20T14:08:11.447Z] <<< HTTP RESPONSE 200
[info] i  functions: Watching "D:\mango\labseu1-db-BE\functions" for Cloud Functions...
[info] i  hosting: Serving hosting files from: public
[info] +  hosting: Local server: http://localhost:5000
[debug] [2019-05-20T14:08:11.871Z] Functions runtime initialized.
[debug] [2019-05-20T14:08:11.871Z] Disabled runtime features: {"functions_config_helper":true,"network_filtering":true,"timeout":true,"memory_limiting":true,"protect_env":true,"admin_stubs":true}
[debug] [2019-05-20T14:08:12.673Z] firebase-admin has been stubbed.
[warn] !  TypeError: app.post is not a function
    at Object.<anonymous> (D:\mango\labseu1-db-BE\functions\index.js:9:5)
    at Module._compile (internal/modules/cjs/loader.js:689:30)
    at Object.Module._extensions..js (internal/modules/cjs/loader.js:700:10)
    at Module.load (internal/modules/cjs/loader.js:599:32)
    at tryModuleLoad (internal/modules/cjs/loader.js:538:12)
    at Function.Module._load (internal/modules/cjs/loader.js:530:3)
    at Module.require (internal/modules/cjs/loader.js:637:17)
    at require (internal/modules/cjs/helpers.js:22:18)
    at C:\Users\Sean\AppData\Roaming\npm\node_modules\firebase-tools\lib\emulator\functionsEmulatorRuntime.js:459:29
    at Generator.next (<anonymous>)
[warn] !  Your function was killed because it raised an unhandled error.
[debug] [2019-05-20T14:14:12.234Z] File D:\mango\labseu1-db-BE\functions\index.js changed, reloading triggers
[debug] [2019-05-20T14:14:13.699Z] Functions runtime initialized.
[debug] [2019-05-20T14:14:13.699Z] Disabled runtime features: {"functions_config_helper":true,"network_filtering":true,"timeout":true,"memory_limiting":true,"protect_env":true,"admin_stubs":true}
[debug] [2019-05-20T14:14:14.463Z] firebase-admin has been stubbed.
[warn] !  TypeError: app.use is not a function
    at Object.<anonymous> (D:\mango\labseu1-db-BE\functions\index.js:8:5)
    at Module._compile (internal/modules/cjs/loader.js:689:30)
    at Object.Module._extensions..js (internal/modules/cjs/loader.js:700:10)
    at Module.load (internal/modules/cjs/loader.js:599:32)
    at tryModuleLoad (internal/modules/cjs/loader.js:538:12)
    at Function.Module._load (internal/modules/cjs/loader.js:530:3)
    at Module.require (internal/modules/cjs/loader.js:637:17)
    at require (internal/modules/cjs/helpers.js:22:18)
    at C:\Users\Sean\AppData\Roaming\npm\node_modules\firebase-tools\lib\emulator\functionsEmulatorRuntime.js:459:29
    at Generator.next (<anonymous>)
[warn] !  Your function was killed because it raised an unhandled error.
[debug] [2019-05-20T14:14:20.685Z] ----------------------------------------------------------------------
[debug] [2019-05-20T14:14:20.688Z] Command:       C:\Program Files\nodejs\node.exe C:\Users\Sean\AppData\Roaming\npm\node_modules\firebase-tools\lib\bin\firebase.js serve --only functions,hosting
[debug] [2019-05-20T14:14:20.688Z] CLI Version:   6.10.0
[debug] [2019-05-20T14:14:20.688Z] Platform:      win32
[debug] [2019-05-20T14:14:20.688Z] Node Version:  v10.15.0
[debug] [2019-05-20T14:14:20.689Z] Time:          Mon May 20 2019 15:14:20 GMT+0100 (British Summer Time)
[debug] [2019-05-20T14:14:20.690Z] ----------------------------------------------------------------------
[debug] 
[debug] [2019-05-20T14:14:20.698Z] > command requires scopes: ["email","openid","https://www.googleapis.com/auth/cloudplatformprojects.readonly","https://www.googleapis.com/auth/firebase","https://www.googleapis.com/auth/cloud-platform"]
[debug] [2019-05-20T14:14:20.699Z] > authorizing via signed-in user
[debug] [2019-05-20T14:14:20.699Z] [iam] checking project labseu1-db-test for permissions ["firebase.projects.get"]
[debug] [2019-05-20T14:14:20.700Z] >>> HTTP REQUEST POST https://cloudresourcemanager.googleapis.com/v1/projects/labseu1-db-test:testIamPermissions  

[debug] [2019-05-20T14:14:21.517Z] <<< HTTP RESPONSE 200
[debug] [2019-05-20T14:14:21.518Z] >>> HTTP REQUEST GET https://cloudresourcemanager.googleapis.com/v1/projects/labseu1-db-test  
 
[debug] [2019-05-20T14:14:22.244Z] <<< HTTP RESPONSE 200
[warn] !  Your requested "node" version "8" doesn't match your global version "10"
[debug] [2019-05-20T14:14:22.250Z] >>> HTTP REQUEST GET https://mobilesdk-pa.googleapis.com/v1/projects/280261803917/clients/_:getWebAppConfig  
 
[debug] [2019-05-20T14:14:22.250Z] >>> HTTP REQUEST GET https://mobilesdk-pa.googleapis.com/v1/projects/280261803917:getServerAppConfig  
 
[debug] [2019-05-20T14:14:22.515Z] <<< HTTP RESPONSE 200
[info] +  functions: Emulator started at http://localhost:5001
[debug] [2019-05-20T14:14:22.586Z] <<< HTTP RESPONSE 200
[info] i  functions: Watching "D:\mango\labseu1-db-BE\functions" for Cloud Functions...
[info] i  hosting: Serving hosting files from: public
[info] +  hosting: Local server: http://localhost:5000
[debug] [2019-05-20T14:14:22.995Z] Functions runtime initialized.
[debug] [2019-05-20T14:14:22.996Z] Disabled runtime features: {"functions_config_helper":true,"network_filtering":true,"timeout":true,"memory_limiting":true,"protect_env":true,"admin_stubs":true}
[debug] [2019-05-20T14:14:23.721Z] firebase-admin has been stubbed.
[warn] !  TypeError: app.use is not a function
    at Object.<anonymous> (D:\mango\labseu1-db-BE\functions\index.js:8:5)
    at Module._compile (internal/modules/cjs/loader.js:689:30)
    at Object.Module._extensions..js (internal/modules/cjs/loader.js:700:10)
    at Module.load (internal/modules/cjs/loader.js:599:32)
    at tryModuleLoad (internal/modules/cjs/loader.js:538:12)
    at Function.Module._load (internal/modules/cjs/loader.js:530:3)
    at Module.require (internal/modules/cjs/loader.js:637:17)
    at require (internal/modules/cjs/helpers.js:22:18)
    at C:\Users\Sean\AppData\Roaming\npm\node_modules\firebase-tools\lib\emulator\functionsEmulatorRuntime.js:459:29
    at Generator.next (<anonymous>)
[warn] !  Your function was killed because it raised an unhandled error.
[debug] [2019-05-20T14:18:25.373Z] File D:\mango\labseu1-db-BE\functions\middleware.js changed, reloading triggers
[debug] [2019-05-20T14:18:26.823Z] Functions runtime initialized.
[debug] [2019-05-20T14:18:26.824Z] Disabled runtime features: {"functions_config_helper":true,"network_filtering":true,"timeout":true,"memory_limiting":true,"protect_env":true,"admin_stubs":true}
[debug] [2019-05-20T14:18:27.602Z] firebase-admin has been stubbed.
[warn] !  TypeError: app.use is not a function
    at Object.<anonymous> (D:\mango\labseu1-db-BE\functions\index.js:8:5)
    at Module._compile (internal/modules/cjs/loader.js:689:30)
    at Object.Module._extensions..js (internal/modules/cjs/loader.js:700:10)
    at Module.load (internal/modules/cjs/loader.js:599:32)
    at tryModuleLoad (internal/modules/cjs/loader.js:538:12)
    at Function.Module._load (internal/modules/cjs/loader.js:530:3)
    at Module.require (internal/modules/cjs/loader.js:637:17)
    at require (internal/modules/cjs/helpers.js:22:18)
    at C:\Users\Sean\AppData\Roaming\npm\node_modules\firebase-tools\lib\emulator\functionsEmulatorRuntime.js:459:29
    at Generator.next (<anonymous>)
[warn] !  Your function was killed because it raised an unhandled error.
[debug] [2019-05-20T14:18:56.213Z] File D:\mango\labseu1-db-BE\functions\index.js changed, reloading triggers
[debug] [2019-05-20T14:18:57.660Z] Functions runtime initialized.
[debug] [2019-05-20T14:18:57.661Z] Disabled runtime features: {"functions_config_helper":true,"network_filtering":true,"timeout":true,"memory_limiting":true,"protect_env":true,"admin_stubs":true}
[debug] [2019-05-20T14:18:58.414Z] firebase-admin has been stubbed.
[warn] !  Error: Cannot find module 'helmet'
    at Function.Module._resolveFilename (internal/modules/cjs/loader.js:581:15)
    at Function.Module._load (internal/modules/cjs/loader.js:507:25)
    at Module.require (internal/modules/cjs/loader.js:637:17)
    at require (internal/modules/cjs/helpers.js:22:18)
    at Object.<anonymous> (D:\mango\labseu1-db-BE\functions\middleware.js:2:16)
    at Module._compile (internal/modules/cjs/loader.js:689:30)
    at Object.Module._extensions..js (internal/modules/cjs/loader.js:700:10)
    at Module.load (internal/modules/cjs/loader.js:599:32)
    at tryModuleLoad (internal/modules/cjs/loader.js:538:12)
    at Function.Module._load (internal/modules/cjs/loader.js:530:3)
[warn] !  Your function was killed because it raised an unhandled error.
[debug] [2019-05-20T14:19:02.522Z] File D:\mango\labseu1-db-BE\functions\middleware.js changed, reloading triggers
[debug] [2019-05-20T14:19:03.951Z] Functions runtime initialized.
[debug] [2019-05-20T14:19:03.951Z] Disabled runtime features: {"functions_config_helper":true,"network_filtering":true,"timeout":true,"memory_limiting":true,"protect_env":true,"admin_stubs":true}
[debug] [2019-05-20T14:19:04.685Z] firebase-admin has been stubbed.
[warn] !  TypeError: app.use is not a function
    at module.exports.app (D:\mango\labseu1-db-BE\functions\middleware.js:4:7)
    at Object.<anonymous> (D:\mango\labseu1-db-BE\functions\index.js:7:1)
    at Module._compile (internal/modules/cjs/loader.js:689:30)
    at Object.Module._extensions..js (internal/modules/cjs/loader.js:700:10)
    at Module.load (internal/modules/cjs/loader.js:599:32)
    at tryModuleLoad (internal/modules/cjs/loader.js:538:12)
    at Function.Module._load (internal/modules/cjs/loader.js:530:3)
    at Module.require (internal/modules/cjs/loader.js:637:17)
    at require (internal/modules/cjs/helpers.js:22:18)
    at C:\Users\Sean\AppData\Roaming\npm\node_modules\firebase-tools\lib\emulator\functionsEmulatorRuntime.js:459:29
[warn] !  Your function was killed because it raised an unhandled error.
[debug] [2019-05-20T14:19:32.669Z] ----------------------------------------------------------------------
[debug] [2019-05-20T14:19:32.671Z] Command:       C:\Program Files\nodejs\node.exe C:\Users\Sean\AppData\Roaming\npm\node_modules\firebase-tools\lib\bin\firebase.js serve --only functions,hosting
[debug] [2019-05-20T14:19:32.671Z] CLI Version:   6.10.0
[debug] [2019-05-20T14:19:32.671Z] Platform:      win32
[debug] [2019-05-20T14:19:32.671Z] Node Version:  v10.15.0
[debug] [2019-05-20T14:19:32.673Z] Time:          Mon May 20 2019 15:19:32 GMT+0100 (British Summer Time)
[debug] [2019-05-20T14:19:32.673Z] ----------------------------------------------------------------------
[debug] 
[debug] [2019-05-20T14:19:32.681Z] > command requires scopes: ["email","openid","https://www.googleapis.com/auth/cloudplatformprojects.readonly","https://www.googleapis.com/auth/firebase","https://www.googleapis.com/auth/cloud-platform"]
[debug] [2019-05-20T14:19:32.682Z] > authorizing via signed-in user
[debug] [2019-05-20T14:19:32.682Z] [iam] checking project labseu1-db-test for permissions ["firebase.projects.get"]
[debug] [2019-05-20T14:19:32.683Z] >>> HTTP REQUEST POST https://cloudresourcemanager.googleapis.com/v1/projects/labseu1-db-test:testIamPermissions  

[debug] [2019-05-20T14:19:33.474Z] <<< HTTP RESPONSE 200
[debug] [2019-05-20T14:19:33.475Z] >>> HTTP REQUEST GET https://cloudresourcemanager.googleapis.com/v1/projects/labseu1-db-test  
 
[debug] [2019-05-20T14:19:34.203Z] <<< HTTP RESPONSE 200
[warn] !  Your requested "node" version "8" doesn't match your global version "10"
[debug] [2019-05-20T14:19:34.209Z] >>> HTTP REQUEST GET https://mobilesdk-pa.googleapis.com/v1/projects/280261803917/clients/_:getWebAppConfig  
 
[debug] [2019-05-20T14:19:34.210Z] >>> HTTP REQUEST GET https://mobilesdk-pa.googleapis.com/v1/projects/280261803917:getServerAppConfig  
 
[debug] [2019-05-20T14:19:34.460Z] <<< HTTP RESPONSE 200
[info] +  functions: Emulator started at http://localhost:5001
[debug] [2019-05-20T14:19:34.522Z] <<< HTTP RESPONSE 200
[info] i  functions: Watching "D:\mango\labseu1-db-BE\functions" for Cloud Functions...
[info] i  hosting: Serving hosting files from: public
[info] +  hosting: Local server: http://localhost:5000
[debug] [2019-05-20T14:19:34.936Z] Functions runtime initialized.
[debug] [2019-05-20T14:19:34.936Z] Disabled runtime features: {"functions_config_helper":true,"network_filtering":true,"timeout":true,"memory_limiting":true,"protect_env":true,"admin_stubs":true}
[debug] [2019-05-20T14:19:35.660Z] firebase-admin has been stubbed.
[warn] !  TypeError: app.use is not a function
    at module.exports.app (D:\mango\labseu1-db-BE\functions\middleware.js:4:7)
    at Object.<anonymous> (D:\mango\labseu1-db-BE\functions\index.js:7:1)
    at Module._compile (internal/modules/cjs/loader.js:689:30)
    at Object.Module._extensions..js (internal/modules/cjs/loader.js:700:10)
    at Module.load (internal/modules/cjs/loader.js:599:32)
    at tryModuleLoad (internal/modules/cjs/loader.js:538:12)
    at Function.Module._load (internal/modules/cjs/loader.js:530:3)
    at Module.require (internal/modules/cjs/loader.js:637:17)
    at require (internal/modules/cjs/helpers.js:22:18)
    at C:\Users\Sean\AppData\Roaming\npm\node_modules\firebase-tools\lib\emulator\functionsEmulatorRuntime.js:459:29
[warn] !  Your function was killed because it raised an unhandled error.
[debug] [2019-05-20T14:20:41.656Z] File D:\mango\labseu1-db-BE\functions\index.js changed, reloading triggers
[debug] [2019-05-20T14:20:43.089Z] Functions runtime initialized.
[debug] [2019-05-20T14:20:43.090Z] Disabled runtime features: {"functions_config_helper":true,"network_filtering":true,"timeout":true,"memory_limiting":true,"protect_env":true,"admin_stubs":true}
[debug] [2019-05-20T14:20:46.262Z] ----------------------------------------------------------------------
[debug] [2019-05-20T14:20:46.265Z] Command:       C:\Program Files\nodejs\node.exe C:\Users\Sean\AppData\Roaming\npm\node_modules\firebase-tools\lib\bin\firebase.js serve --only functions,hosting
[debug] [2019-05-20T14:20:46.265Z] CLI Version:   6.10.0
[debug] [2019-05-20T14:20:46.265Z] Platform:      win32
[debug] [2019-05-20T14:20:46.265Z] Node Version:  v10.15.0
[debug] [2019-05-20T14:20:46.267Z] Time:          Mon May 20 2019 15:20:46 GMT+0100 (British Summer Time)
[debug] [2019-05-20T14:20:46.267Z] ----------------------------------------------------------------------
[debug] 
[debug] [2019-05-20T14:20:46.275Z] > command requires scopes: ["email","openid","https://www.googleapis.com/auth/cloudplatformprojects.readonly","https://www.googleapis.com/auth/firebase","https://www.googleapis.com/auth/cloud-platform"]
[debug] [2019-05-20T14:20:46.276Z] > authorizing via signed-in user
[debug] [2019-05-20T14:20:46.276Z] [iam] checking project labseu1-db-test for permissions ["firebase.projects.get"]
[debug] [2019-05-20T14:20:46.278Z] >>> HTTP REQUEST POST https://cloudresourcemanager.googleapis.com/v1/projects/labseu1-db-test:testIamPermissions  

[debug] [2019-05-20T14:20:47.044Z] <<< HTTP RESPONSE 200
[debug] [2019-05-20T14:20:47.046Z] >>> HTTP REQUEST GET https://cloudresourcemanager.googleapis.com/v1/projects/labseu1-db-test  
 
[debug] [2019-05-20T14:20:47.770Z] <<< HTTP RESPONSE 200
[warn] !  Your requested "node" version "8" doesn't match your global version "10"
[debug] [2019-05-20T14:20:47.776Z] >>> HTTP REQUEST GET https://mobilesdk-pa.googleapis.com/v1/projects/280261803917/clients/_:getWebAppConfig  
 
[debug] [2019-05-20T14:20:47.776Z] >>> HTTP REQUEST GET https://mobilesdk-pa.googleapis.com/v1/projects/280261803917:getServerAppConfig  
 
[debug] [2019-05-20T14:20:48.012Z] <<< HTTP RESPONSE 200
[info] +  functions: Emulator started at http://localhost:5001
[debug] [2019-05-20T14:20:48.075Z] <<< HTTP RESPONSE 200
[info] i  functions: Watching "D:\mango\labseu1-db-BE\functions" for Cloud Functions...
[info] i  hosting: Serving hosting files from: public
[info] +  hosting: Local server: http://localhost:5000
[debug] [2019-05-20T14:20:48.518Z] Functions runtime initialized.
[debug] [2019-05-20T14:20:48.518Z] Disabled runtime features: {"functions_config_helper":true,"network_filtering":true,"timeout":true,"memory_limiting":true,"protect_env":true,"admin_stubs":true}
[debug] [2019-05-20T14:20:49.242Z] firebase-admin has been stubbed.
[warn] !  Error: Cannot find module '../middleware.js/index.js'
    at Function.Module._resolveFilename (internal/modules/cjs/loader.js:581:15)
    at Function.Module._load (internal/modules/cjs/loader.js:507:25)
    at Module.require (internal/modules/cjs/loader.js:637:17)
    at require (internal/modules/cjs/helpers.js:22:18)
    at Object.<anonymous> (D:\mango\labseu1-db-BE\functions\index.js:4:29)
    at Module._compile (internal/modules/cjs/loader.js:689:30)
    at Object.Module._extensions..js (internal/modules/cjs/loader.js:700:10)
    at Module.load (internal/modules/cjs/loader.js:599:32)
    at tryModuleLoad (internal/modules/cjs/loader.js:538:12)
    at Function.Module._load (internal/modules/cjs/loader.js:530:3)
[warn] !  Your function was killed because it raised an unhandled error.
[debug] [2019-05-20T14:21:01.328Z] File D:\mango\labseu1-db-BE\functions\index.js changed, reloading triggers
[debug] [2019-05-20T14:21:02.798Z] Functions runtime initialized.
[debug] [2019-05-20T14:21:02.798Z] Disabled runtime features: {"functions_config_helper":true,"network_filtering":true,"timeout":true,"memory_limiting":true,"protect_env":true,"admin_stubs":true}
[debug] [2019-05-20T14:21:06.082Z] ----------------------------------------------------------------------
[debug] [2019-05-20T14:21:06.084Z] Command:       C:\Program Files\nodejs\node.exe C:\Users\Sean\AppData\Roaming\npm\node_modules\firebase-tools\lib\bin\firebase.js serve --only functions,hosting
[debug] [2019-05-20T14:21:06.084Z] CLI Version:   6.10.0
[debug] [2019-05-20T14:21:06.084Z] Platform:      win32
[debug] [2019-05-20T14:21:06.084Z] Node Version:  v10.15.0
[debug] [2019-05-20T14:21:06.086Z] Time:          Mon May 20 2019 15:21:06 GMT+0100 (British Summer Time)
[debug] [2019-05-20T14:21:06.086Z] ----------------------------------------------------------------------
[debug] 
[debug] [2019-05-20T14:21:06.094Z] > command requires scopes: ["email","openid","https://www.googleapis.com/auth/cloudplatformprojects.readonly","https://www.googleapis.com/auth/firebase","https://www.googleapis.com/auth/cloud-platform"]
[debug] [2019-05-20T14:21:06.094Z] > authorizing via signed-in user
[debug] [2019-05-20T14:21:06.094Z] [iam] checking project labseu1-db-test for permissions ["firebase.projects.get"]
[debug] [2019-05-20T14:21:06.096Z] >>> HTTP REQUEST POST https://cloudresourcemanager.googleapis.com/v1/projects/labseu1-db-test:testIamPermissions  

[debug] [2019-05-20T14:21:06.844Z] <<< HTTP RESPONSE 200
[debug] [2019-05-20T14:21:06.846Z] >>> HTTP REQUEST GET https://cloudresourcemanager.googleapis.com/v1/projects/labseu1-db-test  
 
[debug] [2019-05-20T14:21:07.563Z] <<< HTTP RESPONSE 200
[warn] !  Your requested "node" version "8" doesn't match your global version "10"
[debug] [2019-05-20T14:21:07.569Z] >>> HTTP REQUEST GET https://mobilesdk-pa.googleapis.com/v1/projects/280261803917/clients/_:getWebAppConfig  
 
[debug] [2019-05-20T14:21:07.569Z] >>> HTTP REQUEST GET https://mobilesdk-pa.googleapis.com/v1/projects/280261803917:getServerAppConfig  
 
[debug] [2019-05-20T14:21:07.811Z] <<< HTTP RESPONSE 200
[info] +  functions: Emulator started at http://localhost:5001
[debug] [2019-05-20T14:21:07.871Z] <<< HTTP RESPONSE 200
[info] i  functions: Watching "D:\mango\labseu1-db-BE\functions" for Cloud Functions...
[info] i  hosting: Serving hosting files from: public
[info] +  hosting: Local server: http://localhost:5000
[debug] [2019-05-20T14:21:08.319Z] Functions runtime initialized.
[debug] [2019-05-20T14:21:08.320Z] Disabled runtime features: {"functions_config_helper":true,"network_filtering":true,"timeout":true,"memory_limiting":true,"protect_env":true,"admin_stubs":true}
[debug] [2019-05-20T14:21:09.035Z] firebase-admin has been stubbed.
[warn] !  TypeError: app.use is not a function
    at module.exports.app (D:\mango\labseu1-db-BE\middleware.js:4:7)
    at Object.<anonymous> (D:\mango\labseu1-db-BE\functions\index.js:7:1)
    at Module._compile (internal/modules/cjs/loader.js:689:30)
    at Object.Module._extensions..js (internal/modules/cjs/loader.js:700:10)
    at Module.load (internal/modules/cjs/loader.js:599:32)
    at tryModuleLoad (internal/modules/cjs/loader.js:538:12)
    at Function.Module._load (internal/modules/cjs/loader.js:530:3)
    at Module.require (internal/modules/cjs/loader.js:637:17)
    at require (internal/modules/cjs/helpers.js:22:18)
    at C:\Users\Sean\AppData\Roaming\npm\node_modules\firebase-tools\lib\emulator\functionsEmulatorRuntime.js:459:29
[warn] !  Your function was killed because it raised an unhandled error.
[debug] [2019-05-20T14:21:25.102Z] File D:\mango\labseu1-db-BE\functions\index.js changed, reloading triggers
[debug] [2019-05-20T14:21:26.603Z] Functions runtime initialized.
[debug] [2019-05-20T14:21:26.604Z] Disabled runtime features: {"functions_config_helper":true,"network_filtering":true,"timeout":true,"memory_limiting":true,"protect_env":true,"admin_stubs":true}
[debug] [2019-05-20T14:21:27.373Z] firebase-admin has been stubbed.
[warn] !  TypeError: app.post is not a function
    at Object.<anonymous> (D:\mango\labseu1-db-BE\functions\index.js:13:5)
    at Module._compile (internal/modules/cjs/loader.js:689:30)
    at Object.Module._extensions..js (internal/modules/cjs/loader.js:700:10)
    at Module.load (internal/modules/cjs/loader.js:599:32)
    at tryModuleLoad (internal/modules/cjs/loader.js:538:12)
    at Function.Module._load (internal/modules/cjs/loader.js:530:3)
    at Module.require (internal/modules/cjs/loader.js:637:17)
    at require (internal/modules/cjs/helpers.js:22:18)
    at C:\Users\Sean\AppData\Roaming\npm\node_modules\firebase-tools\lib\emulator\functionsEmulatorRuntime.js:459:29
    at Generator.next (<anonymous>)
[warn] !  Your function was killed because it raised an unhandled error.
[debug] [2019-05-20T14:21:30.083Z] ----------------------------------------------------------------------
[debug] [2019-05-20T14:21:30.086Z] Command:       C:\Program Files\nodejs\node.exe C:\Users\Sean\AppData\Roaming\npm\node_modules\firebase-tools\lib\bin\firebase.js serve --only functions,hosting
[debug] [2019-05-20T14:21:30.086Z] CLI Version:   6.10.0
[debug] [2019-05-20T14:21:30.086Z] Platform:      win32
[debug] [2019-05-20T14:21:30.086Z] Node Version:  v10.15.0
[debug] [2019-05-20T14:21:30.088Z] Time:          Mon May 20 2019 15:21:30 GMT+0100 (British Summer Time)
[debug] [2019-05-20T14:21:30.088Z] ----------------------------------------------------------------------
[debug] 
[debug] [2019-05-20T14:21:30.096Z] > command requires scopes: ["email","openid","https://www.googleapis.com/auth/cloudplatformprojects.readonly","https://www.googleapis.com/auth/firebase","https://www.googleapis.com/auth/cloud-platform"]
[debug] [2019-05-20T14:21:30.097Z] > authorizing via signed-in user
[debug] [2019-05-20T14:21:30.097Z] [iam] checking project labseu1-db-test for permissions ["firebase.projects.get"]
[debug] [2019-05-20T14:21:30.098Z] >>> HTTP REQUEST POST https://cloudresourcemanager.googleapis.com/v1/projects/labseu1-db-test:testIamPermissions  

[debug] [2019-05-20T14:21:30.891Z] <<< HTTP RESPONSE 200
[debug] [2019-05-20T14:21:30.893Z] >>> HTTP REQUEST GET https://cloudresourcemanager.googleapis.com/v1/projects/labseu1-db-test  
 
[debug] [2019-05-20T14:21:31.614Z] <<< HTTP RESPONSE 200
[warn] !  Your requested "node" version "8" doesn't match your global version "10"
[debug] [2019-05-20T14:21:31.620Z] >>> HTTP REQUEST GET https://mobilesdk-pa.googleapis.com/v1/projects/280261803917/clients/_:getWebAppConfig  
 
[debug] [2019-05-20T14:21:31.621Z] >>> HTTP REQUEST GET https://mobilesdk-pa.googleapis.com/v1/projects/280261803917:getServerAppConfig  
 
[debug] [2019-05-20T14:21:31.845Z] <<< HTTP RESPONSE 200
[info] +  functions: Emulator started at http://localhost:5001
[debug] [2019-05-20T14:21:31.910Z] <<< HTTP RESPONSE 200
[info] i  functions: Watching "D:\mango\labseu1-db-BE\functions" for Cloud Functions...
[info] i  hosting: Serving hosting files from: public
[info] +  hosting: Local server: http://localhost:5000
[debug] [2019-05-20T14:21:32.334Z] Functions runtime initialized.
[debug] [2019-05-20T14:21:32.334Z] Disabled runtime features: {"functions_config_helper":true,"network_filtering":true,"timeout":true,"memory_limiting":true,"protect_env":true,"admin_stubs":true}
[debug] [2019-05-20T14:21:33.059Z] firebase-admin has been stubbed.
[warn] !  TypeError: app.post is not a function
    at Object.<anonymous> (D:\mango\labseu1-db-BE\functions\index.js:13:5)
    at Module._compile (internal/modules/cjs/loader.js:689:30)
    at Object.Module._extensions..js (internal/modules/cjs/loader.js:700:10)
    at Module.load (internal/modules/cjs/loader.js:599:32)
    at tryModuleLoad (internal/modules/cjs/loader.js:538:12)
    at Function.Module._load (internal/modules/cjs/loader.js:530:3)
    at Module.require (internal/modules/cjs/loader.js:637:17)
    at require (internal/modules/cjs/helpers.js:22:18)
    at C:\Users\Sean\AppData\Roaming\npm\node_modules\firebase-tools\lib\emulator\functionsEmulatorRuntime.js:459:29
    at Generator.next (<anonymous>)
[warn] !  Your function was killed because it raised an unhandled error.
[debug] [2019-05-20T14:23:28.800Z] ----------------------------------------------------------------------
[debug] [2019-05-20T14:23:28.802Z] Command:       C:\Program Files\nodejs\node.exe C:\Users\Sean\AppData\Roaming\npm\node_modules\firebase-tools\lib\bin\firebase.js serve --only functions,hosting
[debug] [2019-05-20T14:23:28.802Z] CLI Version:   6.10.0
[debug] [2019-05-20T14:23:28.802Z] Platform:      win32
[debug] [2019-05-20T14:23:28.802Z] Node Version:  v10.15.0
[debug] [2019-05-20T14:23:28.804Z] Time:          Mon May 20 2019 15:23:28 GMT+0100 (British Summer Time)
[debug] [2019-05-20T14:23:28.804Z] ----------------------------------------------------------------------
[debug] 
[debug] [2019-05-20T14:23:28.813Z] > command requires scopes: ["email","openid","https://www.googleapis.com/auth/cloudplatformprojects.readonly","https://www.googleapis.com/auth/firebase","https://www.googleapis.com/auth/cloud-platform"]
[debug] [2019-05-20T14:23:28.813Z] > authorizing via signed-in user
[debug] [2019-05-20T14:23:28.813Z] [iam] checking project labseu1-db-test for permissions ["firebase.projects.get"]
[debug] [2019-05-20T14:23:28.815Z] >>> HTTP REQUEST POST https://cloudresourcemanager.googleapis.com/v1/projects/labseu1-db-test:testIamPermissions  

[debug] [2019-05-20T14:23:29.603Z] <<< HTTP RESPONSE 200
[debug] [2019-05-20T14:23:29.604Z] >>> HTTP REQUEST GET https://cloudresourcemanager.googleapis.com/v1/projects/labseu1-db-test  
 
[debug] [2019-05-20T14:23:30.329Z] <<< HTTP RESPONSE 200
[warn] !  Your requested "node" version "8" doesn't match your global version "10"
[debug] [2019-05-20T14:23:30.335Z] >>> HTTP REQUEST GET https://mobilesdk-pa.googleapis.com/v1/projects/280261803917/clients/_:getWebAppConfig  
 
[debug] [2019-05-20T14:23:30.335Z] >>> HTTP REQUEST GET https://mobilesdk-pa.googleapis.com/v1/projects/280261803917:getServerAppConfig  
 
[debug] [2019-05-20T14:23:30.565Z] <<< HTTP RESPONSE 200
[info] +  functions: Emulator started at http://localhost:5001
[debug] [2019-05-20T14:23:30.637Z] <<< HTTP RESPONSE 200
[info] i  functions: Watching "D:\mango\labseu1-db-BE\functions" for Cloud Functions...
[info] i  hosting: Serving hosting files from: public
[info] +  hosting: Local server: http://localhost:5000
[debug] [2019-05-20T14:23:31.078Z] Functions runtime initialized.
[debug] [2019-05-20T14:23:31.078Z] Disabled runtime features: {"functions_config_helper":true,"network_filtering":true,"timeout":true,"memory_limiting":true,"protect_env":true,"admin_stubs":true}
[debug] [2019-05-20T14:23:31.815Z] firebase-admin has been stubbed.
[warn] !  TypeError: app.post is not a function
    at Object.<anonymous> (D:\mango\labseu1-db-BE\functions\index.js:13:5)
    at Module._compile (internal/modules/cjs/loader.js:689:30)
    at Object.Module._extensions..js (internal/modules/cjs/loader.js:700:10)
    at Module.load (internal/modules/cjs/loader.js:599:32)
    at tryModuleLoad (internal/modules/cjs/loader.js:538:12)
    at Function.Module._load (internal/modules/cjs/loader.js:530:3)
    at Module.require (internal/modules/cjs/loader.js:637:17)
    at require (internal/modules/cjs/helpers.js:22:18)
    at C:\Users\Sean\AppData\Roaming\npm\node_modules\firebase-tools\lib\emulator\functionsEmulatorRuntime.js:459:29
    at Generator.next (<anonymous>)
[warn] !  Your function was killed because it raised an unhandled error.
[debug] [2019-05-20T14:47:05.520Z] ----------------------------------------------------------------------
[debug] [2019-05-20T14:47:05.522Z] Command:       C:\Program Files\nodejs\node.exe C:\Users\Sean\AppData\Roaming\npm\node_modules\firebase-tools\lib\bin\firebase.js serve --only functions,hosting
[debug] [2019-05-20T14:47:05.523Z] CLI Version:   6.10.0
[debug] [2019-05-20T14:47:05.523Z] Platform:      win32
[debug] [2019-05-20T14:47:05.523Z] Node Version:  v10.15.0
[debug] [2019-05-20T14:47:05.524Z] Time:          Mon May 20 2019 15:47:05 GMT+0100 (British Summer Time)
[debug] [2019-05-20T14:47:05.524Z] ----------------------------------------------------------------------
[debug] 
[debug] [2019-05-20T14:47:05.532Z] > command requires scopes: ["email","openid","https://www.googleapis.com/auth/cloudplatformprojects.readonly","https://www.googleapis.com/auth/firebase","https://www.googleapis.com/auth/cloud-platform"]
[debug] [2019-05-20T14:47:05.533Z] > authorizing via signed-in user
[debug] [2019-05-20T14:47:05.533Z] [iam] checking project labseu1-db-test for permissions ["firebase.projects.get"]
[debug] [2019-05-20T14:47:05.534Z] >>> HTTP REQUEST POST https://cloudresourcemanager.googleapis.com/v1/projects/labseu1-db-test:testIamPermissions  

[debug] [2019-05-20T14:47:06.329Z] <<< HTTP RESPONSE 200
[debug] [2019-05-20T14:47:06.331Z] >>> HTTP REQUEST GET https://cloudresourcemanager.googleapis.com/v1/projects/labseu1-db-test  
 
[debug] [2019-05-20T14:47:07.073Z] <<< HTTP RESPONSE 200
[warn] !  Your requested "node" version "8" doesn't match your global version "10"
[debug] [2019-05-20T14:47:07.079Z] >>> HTTP REQUEST GET https://mobilesdk-pa.googleapis.com/v1/projects/280261803917/clients/_:getWebAppConfig  
 
[debug] [2019-05-20T14:47:07.079Z] >>> HTTP REQUEST GET https://mobilesdk-pa.googleapis.com/v1/projects/280261803917:getServerAppConfig  
 
[debug] [2019-05-20T14:47:07.299Z] <<< HTTP RESPONSE 200
[info] +  functions: Emulator started at http://localhost:5001
[debug] [2019-05-20T14:47:07.415Z] <<< HTTP RESPONSE 200
[info] i  functions: Watching "D:\mango\labseu1-db-BE\functions" for Cloud Functions...
[info] i  hosting: Serving hosting files from: public
[info] +  hosting: Local server: http://localhost:5000
[debug] [2019-05-20T14:47:07.821Z] Functions runtime initialized.
[debug] [2019-05-20T14:47:07.821Z] Disabled runtime features: {"functions_config_helper":true,"network_filtering":true,"timeout":true,"memory_limiting":true,"protect_env":true,"admin_stubs":true}
[debug] [2019-05-20T14:47:08.541Z] firebase-admin has been stubbed.
[warn] !  TypeError: app.post is not a function
    at Object.<anonymous> (D:\mango\labseu1-db-BE\functions\index.js:14:5)
    at Module._compile (internal/modules/cjs/loader.js:689:30)
    at Object.Module._extensions..js (internal/modules/cjs/loader.js:700:10)
    at Module.load (internal/modules/cjs/loader.js:599:32)
    at tryModuleLoad (internal/modules/cjs/loader.js:538:12)
    at Function.Module._load (internal/modules/cjs/loader.js:530:3)
    at Module.require (internal/modules/cjs/loader.js:637:17)
    at require (internal/modules/cjs/helpers.js:22:18)
    at C:\Users\Sean\AppData\Roaming\npm\node_modules\firebase-tools\lib\emulator\functionsEmulatorRuntime.js:459:29
    at Generator.next (<anonymous>)
[warn] !  Your function was killed because it raised an unhandled error.
[debug] [2019-05-20T14:48:38.668Z] File D:\mango\labseu1-db-BE\functions\index.js changed, reloading triggers
[debug] [2019-05-20T14:48:40.120Z] Functions runtime initialized.
[debug] [2019-05-20T14:48:40.121Z] Disabled runtime features: {"functions_config_helper":true,"network_filtering":true,"timeout":true,"memory_limiting":true,"protect_env":true,"admin_stubs":true}
[debug] [2019-05-20T14:48:40.860Z] firebase-admin has been stubbed.
[warn] !  TypeError: app.post is not a function
    at Object.<anonymous> (D:\mango\labseu1-db-BE\functions\index.js:14:5)
    at Module._compile (internal/modules/cjs/loader.js:689:30)
    at Object.Module._extensions..js (internal/modules/cjs/loader.js:700:10)
    at Module.load (internal/modules/cjs/loader.js:599:32)
    at tryModuleLoad (internal/modules/cjs/loader.js:538:12)
    at Function.Module._load (internal/modules/cjs/loader.js:530:3)
    at Module.require (internal/modules/cjs/loader.js:637:17)
    at require (internal/modules/cjs/helpers.js:22:18)
    at C:\Users\Sean\AppData\Roaming\npm\node_modules\firebase-tools\lib\emulator\functionsEmulatorRuntime.js:459:29
    at Generator.next (<anonymous>)
[warn] !  Your function was killed because it raised an unhandled error.
[debug] [2019-05-20T14:48:48.708Z] ----------------------------------------------------------------------
[debug] [2019-05-20T14:48:48.710Z] Command:       C:\Program Files\nodejs\node.exe C:\Users\Sean\AppData\Roaming\npm\node_modules\firebase-tools\lib\bin\firebase.js serve --only functions,hosting
[debug] [2019-05-20T14:48:48.710Z] CLI Version:   6.10.0
[debug] [2019-05-20T14:48:48.710Z] Platform:      win32
[debug] [2019-05-20T14:48:48.711Z] Node Version:  v10.15.0
[debug] [2019-05-20T14:48:48.712Z] Time:          Mon May 20 2019 15:48:48 GMT+0100 (British Summer Time)
[debug] [2019-05-20T14:48:48.712Z] ----------------------------------------------------------------------
[debug] 
[debug] [2019-05-20T14:48:48.721Z] > command requires scopes: ["email","openid","https://www.googleapis.com/auth/cloudplatformprojects.readonly","https://www.googleapis.com/auth/firebase","https://www.googleapis.com/auth/cloud-platform"]
[debug] [2019-05-20T14:48:48.722Z] > authorizing via signed-in user
[debug] [2019-05-20T14:48:48.722Z] [iam] checking project labseu1-db-test for permissions ["firebase.projects.get"]
[debug] [2019-05-20T14:48:48.724Z] >>> HTTP REQUEST POST https://cloudresourcemanager.googleapis.com/v1/projects/labseu1-db-test:testIamPermissions  

[debug] [2019-05-20T14:48:49.510Z] <<< HTTP RESPONSE 200
[debug] [2019-05-20T14:48:49.514Z] >>> HTTP REQUEST GET https://cloudresourcemanager.googleapis.com/v1/projects/labseu1-db-test  
 
[debug] [2019-05-20T14:48:50.242Z] <<< HTTP RESPONSE 200
[warn] !  Your requested "node" version "8" doesn't match your global version "10"
[debug] [2019-05-20T14:48:50.249Z] >>> HTTP REQUEST GET https://mobilesdk-pa.googleapis.com/v1/projects/280261803917/clients/_:getWebAppConfig  
 
[debug] [2019-05-20T14:48:50.250Z] >>> HTTP REQUEST GET https://mobilesdk-pa.googleapis.com/v1/projects/280261803917:getServerAppConfig  
 
[debug] [2019-05-20T14:48:50.465Z] <<< HTTP RESPONSE 200
[info] +  functions: Emulator started at http://localhost:5001
[debug] [2019-05-20T14:48:50.548Z] <<< HTTP RESPONSE 200
[info] i  functions: Watching "D:\mango\labseu1-db-BE\functions" for Cloud Functions...
[info] i  hosting: Serving hosting files from: public
[info] +  hosting: Local server: http://localhost:5000
[debug] [2019-05-20T14:48:50.964Z] Functions runtime initialized.
[debug] [2019-05-20T14:48:50.964Z] Disabled runtime features: {"functions_config_helper":true,"network_filtering":true,"timeout":true,"memory_limiting":true,"protect_env":true,"admin_stubs":true}
[debug] [2019-05-20T14:48:51.728Z] firebase-admin has been stubbed.
[warn] !  TypeError: app.post is not a function
    at Object.<anonymous> (D:\mango\labseu1-db-BE\functions\index.js:14:5)
    at Module._compile (internal/modules/cjs/loader.js:689:30)
    at Object.Module._extensions..js (internal/modules/cjs/loader.js:700:10)
    at Module.load (internal/modules/cjs/loader.js:599:32)
    at tryModuleLoad (internal/modules/cjs/loader.js:538:12)
    at Function.Module._load (internal/modules/cjs/loader.js:530:3)
    at Module.require (internal/modules/cjs/loader.js:637:17)
    at require (internal/modules/cjs/helpers.js:22:18)
    at C:\Users\Sean\AppData\Roaming\npm\node_modules\firebase-tools\lib\emulator\functionsEmulatorRuntime.js:459:29
    at Generator.next (<anonymous>)
[warn] !  Your function was killed because it raised an unhandled error.
[debug] [2019-05-20T14:49:08.301Z] File D:\mango\labseu1-db-BE\functions\index.js changed, reloading triggers
[debug] [2019-05-20T14:49:09.761Z] Functions runtime initialized.
[debug] [2019-05-20T14:49:09.762Z] Disabled runtime features: {"functions_config_helper":true,"network_filtering":true,"timeout":true,"memory_limiting":true,"protect_env":true,"admin_stubs":true}
[debug] [2019-05-20T14:49:10.523Z] firebase-admin has been stubbed.
[debug] [2019-05-20T14:49:13.562Z] ----------------------------------------------------------------------
[debug] [2019-05-20T14:49:13.564Z] Command:       C:\Program Files\nodejs\node.exe C:\Users\Sean\AppData\Roaming\npm\node_modules\firebase-tools\lib\bin\firebase.js serve --only functions,hosting
[debug] [2019-05-20T14:49:13.564Z] CLI Version:   6.10.0
[debug] [2019-05-20T14:49:13.565Z] Platform:      win32
[debug] [2019-05-20T14:49:13.565Z] Node Version:  v10.15.0
[debug] [2019-05-20T14:49:13.566Z] Time:          Mon May 20 2019 15:49:13 GMT+0100 (British Summer Time)
[debug] [2019-05-20T14:49:13.566Z] ----------------------------------------------------------------------
[debug] 
[debug] [2019-05-20T14:49:13.575Z] > command requires scopes: ["email","openid","https://www.googleapis.com/auth/cloudplatformprojects.readonly","https://www.googleapis.com/auth/firebase","https://www.googleapis.com/auth/cloud-platform"]
[debug] [2019-05-20T14:49:13.576Z] > authorizing via signed-in user
[debug] [2019-05-20T14:49:13.576Z] [iam] checking project labseu1-db-test for permissions ["firebase.projects.get"]
[debug] [2019-05-20T14:49:13.578Z] >>> HTTP REQUEST POST https://cloudresourcemanager.googleapis.com/v1/projects/labseu1-db-test:testIamPermissions  

[debug] [2019-05-20T14:49:14.363Z] <<< HTTP RESPONSE 200
[debug] [2019-05-20T14:49:14.365Z] >>> HTTP REQUEST GET https://cloudresourcemanager.googleapis.com/v1/projects/labseu1-db-test  
 
[debug] [2019-05-20T14:49:15.095Z] <<< HTTP RESPONSE 200
[warn] !  Your requested "node" version "8" doesn't match your global version "10"
[debug] [2019-05-20T14:49:15.101Z] >>> HTTP REQUEST GET https://mobilesdk-pa.googleapis.com/v1/projects/280261803917/clients/_:getWebAppConfig  
 
[debug] [2019-05-20T14:49:15.101Z] >>> HTTP REQUEST GET https://mobilesdk-pa.googleapis.com/v1/projects/280261803917:getServerAppConfig  
 
[debug] [2019-05-20T14:49:15.315Z] <<< HTTP RESPONSE 200
[info] +  functions: Emulator started at http://localhost:5001
[debug] [2019-05-20T14:49:15.396Z] <<< HTTP RESPONSE 200
[info] i  functions: Watching "D:\mango\labseu1-db-BE\functions" for Cloud Functions...
[info] i  hosting: Serving hosting files from: public
[info] +  hosting: Local server: http://localhost:5000
[debug] [2019-05-20T14:49:15.844Z] Functions runtime initialized.
[debug] [2019-05-20T14:49:15.845Z] Disabled runtime features: {"functions_config_helper":true,"network_filtering":true,"timeout":true,"memory_limiting":true,"protect_env":true,"admin_stubs":true}
[debug] [2019-05-20T14:49:16.610Z] firebase-admin has been stubbed.
[warn] !  TypeError: app.post is not a function
    at Object.<anonymous> (D:\mango\labseu1-db-BE\functions\index.js:14:5)
    at Module._compile (internal/modules/cjs/loader.js:689:30)
    at Object.Module._extensions..js (internal/modules/cjs/loader.js:700:10)
    at Module.load (internal/modules/cjs/loader.js:599:32)
    at tryModuleLoad (internal/modules/cjs/loader.js:538:12)
    at Function.Module._load (internal/modules/cjs/loader.js:530:3)
    at Module.require (internal/modules/cjs/loader.js:637:17)
    at require (internal/modules/cjs/helpers.js:22:18)
    at C:\Users\Sean\AppData\Roaming\npm\node_modules\firebase-tools\lib\emulator\functionsEmulatorRuntime.js:459:29
    at Generator.next (<anonymous>)
[warn] !  Your function was killed because it raised an unhandled error.
[debug] [2019-05-20T15:02:24.895Z] File D:\mango\labseu1-db-BE\functions\index.js changed, reloading triggers
[debug] [2019-05-20T15:02:26.363Z] Functions runtime initialized.
[debug] [2019-05-20T15:02:26.363Z] Disabled runtime features: {"functions_config_helper":true,"network_filtering":true,"timeout":true,"memory_limiting":true,"protect_env":true,"admin_stubs":true}
[debug] [2019-05-20T15:02:27.134Z] firebase-admin has been stubbed.
[warn] !  TypeError: app.use is not a function
    at module.exports.app (D:\mango\labseu1-db-BE\middleware.js:4:7)
    at Object.<anonymous> (D:\mango\labseu1-db-BE\functions\index.js:8:1)
    at Module._compile (internal/modules/cjs/loader.js:689:30)
    at Object.Module._extensions..js (internal/modules/cjs/loader.js:700:10)
    at Module.load (internal/modules/cjs/loader.js:599:32)
    at tryModuleLoad (internal/modules/cjs/loader.js:538:12)
    at Function.Module._load (internal/modules/cjs/loader.js:530:3)
    at Module.require (internal/modules/cjs/loader.js:637:17)
    at require (internal/modules/cjs/helpers.js:22:18)
    at C:\Users\Sean\AppData\Roaming\npm\node_modules\firebase-tools\lib\emulator\functionsEmulatorRuntime.js:459:29
[warn] !  Your function was killed because it raised an unhandled error.
[debug] [2019-05-20T15:02:54.519Z] File D:\mango\labseu1-db-BE\functions\index.js changed, reloading triggers
[debug] [2019-05-20T15:02:55.976Z] Functions runtime initialized.
[debug] [2019-05-20T15:02:55.977Z] Disabled runtime features: {"functions_config_helper":true,"network_filtering":true,"timeout":true,"memory_limiting":true,"protect_env":true,"admin_stubs":true}
[debug] [2019-05-20T15:02:56.845Z] firebase-admin has been stubbed.
[warn] !  TypeError: app.post is not a function
    at Object.<anonymous> (D:\mango\labseu1-db-BE\functions\index.js:14:5)
    at Module._compile (internal/modules/cjs/loader.js:689:30)
    at Object.Module._extensions..js (internal/modules/cjs/loader.js:700:10)
    at Module.load (internal/modules/cjs/loader.js:599:32)
    at tryModuleLoad (internal/modules/cjs/loader.js:538:12)
    at Function.Module._load (internal/modules/cjs/loader.js:530:3)
    at Module.require (internal/modules/cjs/loader.js:637:17)
    at require (internal/modules/cjs/helpers.js:22:18)
    at C:\Users\Sean\AppData\Roaming\npm\node_modules\firebase-tools\lib\emulator\functionsEmulatorRuntime.js:459:29
    at Generator.next (<anonymous>)
[warn] !  Your function was killed because it raised an unhandled error.
[debug] [2019-05-20T15:53:37.724Z] ----------------------------------------------------------------------
[debug] [2019-05-20T15:53:37.727Z] Command:       C:\Program Files\nodejs\node.exe C:\Users\Sean\AppData\Roaming\npm\node_modules\firebase-tools\lib\bin\firebase.js serve --only functions,hosting
[debug] [2019-05-20T15:53:37.727Z] CLI Version:   6.10.0
[debug] [2019-05-20T15:53:37.727Z] Platform:      win32
[debug] [2019-05-20T15:53:37.727Z] Node Version:  v10.15.0
[debug] [2019-05-20T15:53:37.729Z] Time:          Mon May 20 2019 16:53:37 GMT+0100 (British Summer Time)
[debug] [2019-05-20T15:53:37.729Z] ----------------------------------------------------------------------
[debug] 
[debug] [2019-05-20T15:53:37.738Z] > command requires scopes: ["email","openid","https://www.googleapis.com/auth/cloudplatformprojects.readonly","https://www.googleapis.com/auth/firebase","https://www.googleapis.com/auth/cloud-platform"]
[debug] [2019-05-20T15:53:37.738Z] > authorizing via signed-in user
[debug] [2019-05-20T15:53:37.738Z] [iam] checking project labseu1-db-test for permissions ["firebase.projects.get"]
[debug] [2019-05-20T15:53:37.740Z] > refreshing access token with scopes: ["email","https://www.googleapis.com/auth/cloud-platform","https://www.googleapis.com/auth/cloudplatformprojects.readonly","https://www.googleapis.com/auth/firebase","openid"]
[debug] [2019-05-20T15:53:37.740Z] >>> HTTP REQUEST POST https://www.googleapis.com/oauth2/v3/token  
 <request body omitted>
[debug] [2019-05-20T15:53:37.951Z] <<< HTTP RESPONSE 200
[debug] [2019-05-20T15:53:37.961Z] >>> HTTP REQUEST POST https://cloudresourcemanager.googleapis.com/v1/projects/labseu1-db-test:testIamPermissions  

[debug] [2019-05-20T15:53:38.745Z] <<< HTTP RESPONSE 200
[debug] [2019-05-20T15:53:38.746Z] >>> HTTP REQUEST GET https://cloudresourcemanager.googleapis.com/v1/projects/labseu1-db-test  
 
[debug] [2019-05-20T15:53:39.496Z] <<< HTTP RESPONSE 200
[warn] !  Your requested "node" version "8" doesn't match your global version "10"
[debug] [2019-05-20T15:53:39.502Z] >>> HTTP REQUEST GET https://mobilesdk-pa.googleapis.com/v1/projects/280261803917/clients/_:getWebAppConfig  
 
[debug] [2019-05-20T15:53:39.503Z] >>> HTTP REQUEST GET https://mobilesdk-pa.googleapis.com/v1/projects/280261803917:getServerAppConfig  
 
[debug] [2019-05-20T15:53:39.816Z] <<< HTTP RESPONSE 200
[info] +  functions: Emulator started at http://localhost:5001
[debug] [2019-05-20T15:53:39.886Z] <<< HTTP RESPONSE 200
[info] i  functions: Watching "D:\mango\labseu1-db-BE\functions" for Cloud Functions...
[info] i  hosting: Serving hosting files from: public
[info] +  hosting: Local server: http://localhost:5000
[debug] [2019-05-20T15:53:40.341Z] Functions runtime initialized.
[debug] [2019-05-20T15:53:40.341Z] Disabled runtime features: {"functions_config_helper":true,"network_filtering":true,"timeout":true,"memory_limiting":true,"protect_env":true,"admin_stubs":true}
[debug] [2019-05-20T15:53:41.174Z] firebase-admin has been stubbed.
[warn] !  TypeError: app.post is not a function
    at Object.<anonymous> (D:\mango\labseu1-db-BE\functions\index.js:14:5)
    at Module._compile (internal/modules/cjs/loader.js:689:30)
    at Object.Module._extensions..js (internal/modules/cjs/loader.js:700:10)
    at Module.load (internal/modules/cjs/loader.js:599:32)
    at tryModuleLoad (internal/modules/cjs/loader.js:538:12)
    at Function.Module._load (internal/modules/cjs/loader.js:530:3)
    at Module.require (internal/modules/cjs/loader.js:637:17)
    at require (internal/modules/cjs/helpers.js:22:18)
    at C:\Users\Sean\AppData\Roaming\npm\node_modules\firebase-tools\lib\emulator\functionsEmulatorRuntime.js:459:29
    at Generator.next (<anonymous>)
[warn] !  Your function was killed because it raised an unhandled error.
